# JRE version: OpenJDK Runtime Environment Temurin-17.0.18+8 (17.0.18+8) (build 17.0.18+8)
# Java VM: OpenJDK 64-Bit Server VM Temurin-17.0.18+8 (17.0.18+8, mixed mode, sharing, tiered, compressed oops, compressed class ptrs, g1 gc, windows-amd64)
GC Precious Log:
 CPUs: 12 total, 12 available
 Memory: 5989M
 Large Page Support: Disabled
 NUMA Support: Disabled
 Compressed Oops: Enabled (32-bit)
 Heap Region Size: 1M
 Heap Min Capacity: 8M
 Heap Initial Capacity: 94M
 Heap Max Capacity: 1498M
 Pre-touch: Disabled
 Parallel Workers: 10
 Concurrent Workers: 3
 Concurrent Refinement Workers: 10
 Periodic GC: Disabled
Heap:
 garbage-first heap   total 288768K, used 166097K [0x00000000a2600000, 0x0000000100000000)
  region size 1024K, 21 young (21504K), 4 survivors (4096K)
 Metaspace       used 69397K, committed 69760K, reserved 1114112K
  class space    used 7247K, committed 7424K, reserved 1048576K
GC Heap History (20 events):
Event: 98.359 GC heap before
{Heap before GC invocations=50 (full 0):
 garbage-first heap   total 143360K, used 127573K [0x00000000a2600000, 0x0000000100000000)
  region size 1024K, 10 young (10240K), 1 survivors (1024K)
 Metaspace       used 63506K, committed 63808K, reserved 1114112K
  class space    used 6753K, committed 6912K, reserved 1048576K
}
Event: 98.383 GC heap after
{Heap after GC invocations=51 (full 0):
 garbage-first heap   total 143360K, used 119616K [0x00000000a2600000, 0x0000000100000000)
  region size 1024K, 2 young (2048K), 2 survivors (2048K)
 Metaspace       used 63506K, committed 63808K, reserved 1114112K
  class space    used 6753K, committed 6912K, reserved 1048576K
}
Event: 98.919 GC heap before
{Heap before GC invocations=51 (full 0):
 garbage-first heap   total 143360K, used 126784K [0x00000000a2600000, 0x0000000100000000)
  region size 1024K, 9 young (9216K), 2 survivors (2048K)
 Metaspace       used 63521K, committed 63808K, reserved 1114112K
  class space    used 6753K, committed 6912K, reserved 1048576K
}
Event: 98.950 GC heap after
{Heap after GC invocations=52 (full 0):
 garbage-first heap   total 143360K, used 121294K [0x00000000a2600000, 0x0000000100000000)
  region size 1024K, 2 young (2048K), 2 survivors (2048K)
 Metaspace       used 63521K, committed 63808K, reserved 1114112K
  class space    used 6753K, committed 6912K, reserved 1048576K
}
Event: 99.173 GC heap before
{Heap before GC invocations=52 (full 0):
 garbage-first heap   total 143360K, used 126414K [0x00000000a2600000, 0x0000000100000000)
  region size 1024K, 7 young (7168K), 2 survivors (2048K)
 Metaspace       used 63669K, committed 63936K, reserved 1114112K
  class space    used 6772K, committed 6912K, reserved 1048576K
}
Event: 99.187 GC heap after
{Heap after GC invocations=53 (full 0):
 garbage-first heap   total 143360K, used 121963K [0x00000000a2600000, 0x0000000100000000)
  region size 1024K, 1 young (1024K), 1 survivors (1024K)
 Metaspace       used 63669K, committed 63936K, reserved 1114112K
  class space    used 6772K, committed 6912K, reserved 1048576K
}
Event: 99.354 GC heap before
{Heap before GC invocations=53 (full 0):
 garbage-first heap   total 143360K, used 128107K [0x00000000a2600000, 0x0000000100000000)
  region size 1024K, 7 young (7168K), 1 survivors (1024K)
 Metaspace       used 63675K, committed 64000K, reserved 1114112K
  class space    used 6772K, committed 6912K, reserved 1048576K
}
Event: 99.364 GC heap after
{Heap after GC invocations=54 (full 0):
 garbage-first heap   total 143360K, used 123011K [0x00000000a2600000, 0x0000000100000000)
  region size 1024K, 1 young (1024K), 1 survivors (1024K)
 Metaspace       used 63675K, committed 64000K, reserved 1114112K
  class space    used 6772K, committed 6912K, reserved 1048576K
}
Event: 99.462 GC heap before
{Heap before GC invocations=54 (full 0):
 garbage-first heap   total 143360K, used 129155K [0x00000000a2600000, 0x0000000100000000)
  region size 1024K, 7 young (7168K), 1 survivors (1024K)
 Metaspace       used 63680K, committed 64000K, reserved 1114112K
  class space    used 6772K, committed 6912K, reserved 1048576K
}
Event: 99.477 GC heap after
{Heap after GC invocations=55 (full 0):
 garbage-first heap   total 205824K, used 124651K [0x00000000a2600000, 0x0000000100000000)
  region size 1024K, 1 young (1024K), 1 survivors (1024K)
 Metaspace       used 63680K, committed 64000K, reserved 1114112K
  class space    used 6772K, committed 6912K, reserved 1048576K
}
Event: 101.200 GC heap before
{Heap before GC invocations=55 (full 0):
 garbage-first heap   total 205824K, used 163563K [0x00000000a2600000, 0x0000000100000000)
  region size 1024K, 39 young (39936K), 1 survivors (1024K)
 Metaspace       used 63807K, committed 64128K, reserved 1114112K
  class space    used 6777K, committed 6912K, reserved 1048576K
}
Event: 101.238 GC heap after
{Heap after GC invocations=56 (full 0):
 garbage-first heap   total 205824K, used 131978K [0x00000000a2600000, 0x0000000100000000)
  region size 1024K, 5 young (5120K), 5 survivors (5120K)
 Metaspace       used 63807K, committed 64128K, reserved 1114112K
  class space    used 6777K, committed 6912K, reserved 1048576K
}
Event: 102.527 GC heap before
{Heap before GC invocations=56 (full 0):
 garbage-first heap   total 205824K, used 165770K [0x00000000a2600000, 0x0000000100000000)
  region size 1024K, 38 young (38912K), 5 survivors (5120K)
 Metaspace       used 63887K, committed 64192K, reserved 1114112K
  class space    used 6780K, committed 6912K, reserved 1048576K
}
Event: 102.559 GC heap after
{Heap after GC invocations=57 (full 0):
 garbage-first heap   total 205824K, used 137476K [0x00000000a2600000, 0x0000000100000000)
  region size 1024K, 5 young (5120K), 5 survivors (5120K)
 Metaspace       used 63887K, committed 64192K, reserved 1114112K
  class space    used 6780K, committed 6912K, reserved 1048576K
}
Event: 103.768 GC heap before
{Heap before GC invocations=57 (full 0):
 garbage-first heap   total 205824K, used 168196K [0x00000000a2600000, 0x0000000100000000)
  region size 1024K, 35 young (35840K), 5 survivors (5120K)
 Metaspace       used 63984K, committed 64256K, reserved 1114112K
  class space    used 6782K, committed 6912K, reserved 1048576K
}
Event: 103.791 GC heap after
{Heap after GC invocations=58 (full 0):
 garbage-first heap   total 205824K, used 142799K [0x00000000a2600000, 0x0000000100000000)
  region size 1024K, 5 young (5120K), 5 survivors (5120K)
 Metaspace       used 63984K, committed 64256K, reserved 1114112K
  class space    used 6782K, committed 6912K, reserved 1048576K
}
Event: 104.623 GC heap before
{Heap before GC invocations=58 (full 0):
 garbage-first heap   total 205824K, used 170447K [0x00000000a2600000, 0x0000000100000000)
  region size 1024K, 32 young (32768K), 5 survivors (5120K)
 Metaspace       used 64031K, committed 64320K, reserved 1114112K
  class space    used 6782K, committed 6912K, reserved 1048576K
}
Event: 104.649 GC heap after
{Heap after GC invocations=59 (full 0):
 garbage-first heap   total 205824K, used 147164K [0x00000000a2600000, 0x0000000100000000)
  region size 1024K, 4 young (4096K), 4 survivors (4096K)
 Metaspace       used 64031K, committed 64320K, reserved 1114112K
  class space    used 6782K, committed 6912K, reserved 1048576K
}
Event: 106.091 GC heap before
{Heap before GC invocations=59 (full 0):
 garbage-first heap   total 205824K, used 170716K [0x00000000a2600000, 0x0000000100000000)
  region size 1024K, 28 young (28672K), 4 survivors (4096K)
 Metaspace       used 66925K, committed 67200K, reserved 1114112K
  class space    used 7044K, committed 7168K, reserved 1048576K
}
Event: 106.109 GC heap after
{Heap after GC invocations=60 (full 0):
 garbage-first heap   total 288768K, used 150737K [0x00000000a2600000, 0x0000000100000000)
  region size 1024K, 4 young (4096K), 4 survivors (4096K)
 Metaspace       used 66925K, committed 67200K, reserved 1114112K
  class space    used 7044K, committed 7168K, reserved 1048576K
}

